2019-01-31 10:20:22,503 INFO o.a.j.u.JMeterUtils: Setting Locale to en_EN
2019-01-31 10:20:22,525 INFO o.a.j.JMeter: Loading user properties from: /Users/jdmcclur/apache-jmeter-5.0/bin/user.properties
2019-01-31 10:20:22,526 INFO o.a.j.JMeter: Loading system properties from: /Users/jdmcclur/apache-jmeter-5.0/bin/system.properties
2019-01-31 10:20:22,532 INFO o.a.j.JMeter: Copyright (c) 1998-2018 The Apache Software Foundation
2019-01-31 10:20:22,532 INFO o.a.j.JMeter: Version 5.0 r1840935
2019-01-31 10:20:22,532 INFO o.a.j.JMeter: java.version=1.8.0_181
2019-01-31 10:20:22,532 INFO o.a.j.JMeter: java.vm.name=Java HotSpot(TM) 64-Bit Server VM
2019-01-31 10:20:22,532 INFO o.a.j.JMeter: os.name=Mac OS X
2019-01-31 10:20:22,532 INFO o.a.j.JMeter: os.arch=x86_64
2019-01-31 10:20:22,532 INFO o.a.j.JMeter: os.version=10.13.6
2019-01-31 10:20:22,533 INFO o.a.j.JMeter: file.encoding=UTF-8
2019-01-31 10:20:22,533 INFO o.a.j.JMeter: Max memory     =1073741824
2019-01-31 10:20:22,533 INFO o.a.j.JMeter: Available Processors =12
2019-01-31 10:20:22,537 INFO o.a.j.JMeter: Default Locale=English (EN)
2019-01-31 10:20:22,537 INFO o.a.j.JMeter: JMeter  Locale=English (EN)
2019-01-31 10:20:22,537 INFO o.a.j.JMeter: JMeterHome=/Users/jdmcclur/apache-jmeter-5.0
2019-01-31 10:20:22,537 INFO o.a.j.JMeter: user.dir  =/Users/jdmcclur/git/sample.daytrader8
2019-01-31 10:20:22,537 INFO o.a.j.JMeter: PWD       =/Users/jdmcclur/git/sample.daytrader8
2019-01-31 10:20:22,539 INFO o.a.j.JMeter: IP: 9.10.94.231 Name: joes-mbp-2.rchland.ibm.com FullName: joes-mbp-2.rchland.ibm.com
2019-01-31 10:20:24,789 INFO o.a.j.g.a.LookAndFeelCommand: Installing Darcula LAF
2019-01-31 10:20:24,805 INFO o.a.j.g.a.LookAndFeelCommand: Using look and feel: com.bulenkov.darcula.DarculaLaf [Darcula]
2019-01-31 10:20:24,806 INFO o.a.j.JMeter: Setting LAF to: com.bulenkov.darcula.DarculaLaf
2019-01-31 10:20:24,895 INFO o.a.j.JMeter: Loaded icon properties from org/apache/jmeter/images/icon.properties
2019-01-31 10:20:25,583 INFO o.a.j.e.u.CompoundVariable: Note: Function class names must contain the string: '.functions.'
2019-01-31 10:20:25,583 INFO o.a.j.e.u.CompoundVariable: Note: Function class names must not contain the string: '.gui.'
2019-01-31 10:20:26,358 INFO o.a.j.JMeter: Loading file: jmeter_files/daytrader8.jmx
2019-01-31 10:20:26,359 INFO o.a.j.s.FileServer: Default base='/Users/jdmcclur/git/sample.daytrader8'
2019-01-31 10:20:26,361 INFO o.a.j.s.FileServer: Set new base='/Users/jdmcclur/git/sample.daytrader8/jmeter_files'
2019-01-31 10:20:26,504 INFO o.a.j.s.SaveService: Testplan (JMX) version: 2.2. Testlog (JTL) version: 2.2
2019-01-31 10:20:26,519 INFO o.a.j.s.SaveService: Using SaveService properties file encoding UTF-8
2019-01-31 10:20:26,520 INFO o.a.j.s.SaveService: Using SaveService properties version 5.0
2019-01-31 10:20:26,523 INFO o.a.j.s.SaveService: Loading file: jmeter_files/daytrader8.jmx
2019-01-31 10:20:26,547 INFO o.a.j.p.h.c.CookieManager: Settings: Delete null: true Check: true Allow variable: true Save: false Prefix: COOKIE_
2019-01-31 10:20:26,566 INFO o.a.j.p.h.s.HTTPSamplerBase: Parser for text/html is org.apache.jmeter.protocol.http.parser.LagartoBasedHtmlParser
2019-01-31 10:20:26,566 INFO o.a.j.p.h.s.HTTPSamplerBase: Parser for application/xhtml+xml is org.apache.jmeter.protocol.http.parser.LagartoBasedHtmlParser
2019-01-31 10:20:26,567 INFO o.a.j.p.h.s.HTTPSamplerBase: Parser for application/xml is org.apache.jmeter.protocol.http.parser.LagartoBasedHtmlParser
2019-01-31 10:20:26,567 INFO o.a.j.p.h.s.HTTPSamplerBase: Parser for text/xml is org.apache.jmeter.protocol.http.parser.LagartoBasedHtmlParser
2019-01-31 10:20:26,567 INFO o.a.j.p.h.s.HTTPSamplerBase: Parser for text/vnd.wap.wml is org.apache.jmeter.protocol.http.parser.RegexpHTMLParser
2019-01-31 10:20:26,567 INFO o.a.j.p.h.s.HTTPSamplerBase: Parser for text/css is org.apache.jmeter.protocol.http.parser.CssParser
2019-01-31 10:20:26,637 INFO o.a.j.s.FileServer: Set new base='/Users/jdmcclur/git/sample.daytrader8/jmeter_files'
2019-01-31 10:20:27,042 INFO o.a.j.s.SampleResult: Note: Sample TimeStamps are START times
2019-01-31 10:20:27,043 INFO o.a.j.s.SampleResult: sampleresult.default.encoding is set to ISO-8859-1
2019-01-31 10:20:27,043 INFO o.a.j.s.SampleResult: sampleresult.useNanoTime=true
2019-01-31 10:20:27,043 INFO o.a.j.s.SampleResult: sampleresult.nanoThreadSleep=5000
2019-01-31 10:20:27,835 INFO o.a.j.e.KeyToolUtils: keytool found at 'keytool'
2019-01-31 10:20:27,836 INFO o.a.j.p.h.p.ProxyControl: HTTP(S) Test Script Recorder SSL Proxy will use keys that support embedded 3rd party resources in file /Users/jdmcclur/apache-jmeter-5.0/bin/proxyserver.jks
